c:\toshinori\projects\report_20170719\report_20170719\x64\debug\vc141.pdb
c:\toshinori\projects\report_20170719\report_20170719\x64\debug\vc141.idb
c:\toshinori\projects\report_20170719\report_20170719\x64\debug\socketconnection.obj
c:\toshinori\projects\report_20170719\report_20170719\x64\debug\main.obj
c:\toshinori\projects\report_20170719\report_20170719\x64\debug\reversi.obj
c:\toshinori\projects\report_20170719\x64\debug\report_20170719.pdb
c:\toshinori\projects\report_20170719\report_20170719\x64\debug\report_20170719.tlog\cl.command.1.tlog
c:\toshinori\projects\report_20170719\report_20170719\x64\debug\report_20170719.tlog\cl.read.1.tlog
c:\toshinori\projects\report_20170719\report_20170719\x64\debug\report_20170719.tlog\cl.write.1.tlog
c:\toshinori\projects\report_20170719\report_20170719\x64\debug\report_20170719.tlog\link-cvtres.read.1.tlog
c:\toshinori\projects\report_20170719\report_20170719\x64\debug\report_20170719.tlog\link-cvtres.write.1.tlog
c:\toshinori\projects\report_20170719\report_20170719\x64\debug\report_20170719.tlog\link-rc.read.1.tlog
c:\toshinori\projects\report_20170719\report_20170719\x64\debug\report_20170719.tlog\link-rc.write.1.tlog
c:\toshinori\projects\report_20170719\report_20170719\x64\debug\report_20170719.tlog\link.3932-cvtres.read.1.tlog
c:\toshinori\projects\report_20170719\report_20170719\x64\debug\report_20170719.tlog\link.3932-cvtres.write.1.tlog
c:\toshinori\projects\report_20170719\report_20170719\x64\debug\report_20170719.tlog\link.3932-rc.read.1.tlog
c:\toshinori\projects\report_20170719\report_20170719\x64\debug\report_20170719.tlog\link.3932-rc.write.1.tlog
c:\toshinori\projects\report_20170719\report_20170719\x64\debug\report_20170719.tlog\link.3932.read.1.tlog
c:\toshinori\projects\report_20170719\report_20170719\x64\debug\report_20170719.tlog\link.3932.write.1.tlog
c:\toshinori\projects\report_20170719\report_20170719\x64\debug\report_20170719.tlog\link.command.1.tlog
c:\toshinori\projects\report_20170719\report_20170719\x64\debug\report_20170719.tlog\link.read.1.tlog
c:\toshinori\projects\report_20170719\report_20170719\x64\debug\report_20170719.tlog\link.write.1.tlog
